{
  "RSpec": {
    "coverage": {
      "/Users/davidstinnette/Turing/3module/1510/rails-engine/rails_engine/app/helpers/application_helper.rb": [
        1,
        null
      ],
      "/Users/davidstinnette/Turing/3module/1510/rails-engine/rails_engine/app/controllers/api/v1/customers_controller.rb": [
        1,
        1,
        null,
        1,
        1,
        null,
        null,
        1,
        1,
        null,
        null,
        1,
        null,
        1,
        0,
        null,
        null,
        null,
        null,
        null,
        null,
        null
      ],
      "/Users/davidstinnette/Turing/3module/1510/rails-engine/rails_engine/app/controllers/application_controller.rb": [
        1,
        null,
        1,
        1,
        null,
        null,
        null,
        1,
        null
      ],
      "/Users/davidstinnette/Turing/3module/1510/rails-engine/rails_engine/lib/application_responder.rb": [
        1,
        1,
        1,
        null,
        null,
        null,
        null,
        null
      ],
      "/Users/davidstinnette/Turing/3module/1510/rails-engine/rails_engine/app/controllers/api/v1/customers_random_controller.rb": [
        1,
        1,
        null,
        1,
        1,
        null,
        null,
        null
      ],
      "/Users/davidstinnette/Turing/3module/1510/rails-engine/rails_engine/app/controllers/api/v1/invoice_items_random_controller.rb": [
        1,
        1,
        null,
        1,
        1,
        null,
        null,
        null
      ],
      "/Users/davidstinnette/Turing/3module/1510/rails-engine/rails_engine/app/controllers/api/v1/invoices_controller.rb": [
        1,
        1,
        null,
        1,
        1,
        null,
        null,
        1,
        1,
        null,
        null,
        1,
        null,
        1,
        0,
        null,
        null,
        null,
        null,
        null,
        null,
        null,
        null
      ],
      "/Users/davidstinnette/Turing/3module/1510/rails-engine/rails_engine/app/controllers/api/v1/invoices_random_controller.rb": [
        1,
        1,
        null,
        1,
        1,
        null,
        null,
        null
      ],
      "/Users/davidstinnette/Turing/3module/1510/rails-engine/rails_engine/app/controllers/api/v1/items_controller.rb": [
        1,
        1,
        null,
        1,
        1,
        null,
        null,
        1,
        1,
        null,
        null,
        1,
        null,
        1,
        0,
        null,
        null,
        null,
        null,
        null,
        null,
        null,
        null,
        null
      ],
      "/Users/davidstinnette/Turing/3module/1510/rails-engine/rails_engine/app/controllers/api/v1/items_random_controller.rb": [
        1,
        1,
        null,
        1,
        1,
        null,
        null,
        null
      ],
      "/Users/davidstinnette/Turing/3module/1510/rails-engine/rails_engine/app/controllers/api/v1/merchants_controller.rb": [
        1,
        1,
        null,
        1,
        1,
        null,
        null,
        1,
        1,
        null,
        null,
        1,
        null,
        1,
        0,
        null,
        null,
        null
      ],
      "/Users/davidstinnette/Turing/3module/1510/rails-engine/rails_engine/app/controllers/api/v1/merchants_random_controller.rb": [
        1,
        1,
        null,
        1,
        1,
        null,
        null,
        null
      ],
      "/Users/davidstinnette/Turing/3module/1510/rails-engine/rails_engine/app/controllers/api/v1/transactions_controller.rb": [
        1,
        1,
        null,
        1,
        1,
        null,
        null,
        1,
        1,
        null,
        null,
        1,
        null,
        1,
        0,
        null,
        null,
        null,
        null,
        null,
        null,
        null,
        null,
        null
      ],
      "/Users/davidstinnette/Turing/3module/1510/rails-engine/rails_engine/app/controllers/api/v1/transactions_random_controller.rb": [
        1,
        1,
        null,
        1,
        1,
        null,
        null,
        null
      ],
      "/Users/davidstinnette/Turing/3module/1510/rails-engine/rails_engine/app/models/customer.rb": [
        1,
        1,
        null,
        null,
        1,
        1,
        null,
        null,
        null
      ],
      "/Users/davidstinnette/Turing/3module/1510/rails-engine/rails_engine/app/models/invoice_item.rb": [
        1,
        1,
        1,
        null,
        1,
        1,
        null,
        1,
        1,
        null,
        null,
        1,
        null,
        1,
        0,
        null,
        null,
        null
      ],
      "/Users/davidstinnette/Turing/3module/1510/rails-engine/rails_engine/app/models/invoice.rb": [
        1,
        1,
        1,
        null,
        1,
        1,
        1,
        null,
        1,
        1,
        null,
        null,
        null
      ],
      "/Users/davidstinnette/Turing/3module/1510/rails-engine/rails_engine/app/models/item.rb": [
        1,
        1,
        1,
        null,
        1,
        1,
        null,
        null,
        1,
        1,
        null,
        null,
        1,
        null,
        1,
        0,
        null,
        null,
        null
      ],
      "/Users/davidstinnette/Turing/3module/1510/rails-engine/rails_engine/app/models/merchant.rb": [
        1,
        1,
        1,
        null,
        null,
        1,
        1,
        null,
        null,
        null
      ],
      "/Users/davidstinnette/Turing/3module/1510/rails-engine/rails_engine/app/models/transaction.rb": [
        1,
        1,
        1,
        null,
        1,
        1,
        null,
        null,
        null
      ],
      "/Users/davidstinnette/Turing/3module/1510/rails-engine/rails_engine/app/serializers/transaction_serializer.rb": [
        1,
        1,
        null,
        null,
        null,
        null,
        null,
        null,
        null,
        1,
        null
      ],
      "/Users/davidstinnette/Turing/3module/1510/rails-engine/rails_engine/app/controllers/api/v1/customers_finder_controller.rb": [
        0,
        0,
        0,
        0,
        0,
        0,
        0,
        0,
        0,
        0,
        0,
        0,
        0,
        0,
        0,
        0,
        0,
        0,
        0,
        0,
        0,
        0,
        0,
        0,
        0,
        0,
        0,
        0,
        0
      ],
      "/Users/davidstinnette/Turing/3module/1510/rails-engine/rails_engine/app/controllers/api/v1/invoice_items_controller.rb": [
        0,
        0,
        0,
        0,
        0,
        0,
        0,
        0,
        0,
        0,
        0,
        0,
        0,
        0,
        0,
        0,
        0,
        0,
        0,
        0,
        0,
        0,
        0,
        0
      ],
      "/Users/davidstinnette/Turing/3module/1510/rails-engine/rails_engine/app/controllers/api/v1/invoice_items_finder_controller.rb": [
        0,
        0,
        0,
        0,
        0,
        0,
        0,
        0,
        0,
        0,
        0,
        0,
        0,
        0,
        0,
        0,
        0,
        0,
        0,
        0,
        0,
        0,
        0,
        0,
        0,
        0,
        0,
        0,
        0,
        0,
        0,
        0,
        0,
        0
      ],
      "/Users/davidstinnette/Turing/3module/1510/rails-engine/rails_engine/app/controllers/api/v1/invoices_finder_controller.rb": [
        0,
        0,
        0,
        0,
        0,
        0,
        0,
        0,
        0,
        0,
        0,
        0,
        0,
        0,
        0,
        0,
        0,
        0,
        0,
        0,
        0,
        0,
        0,
        0,
        0,
        0,
        0,
        0,
        0,
        0,
        0,
        0
      ],
      "/Users/davidstinnette/Turing/3module/1510/rails-engine/rails_engine/app/controllers/api/v1/items_finder_controller.rb": [
        0,
        0,
        0,
        0,
        0,
        0,
        0,
        0,
        0,
        0,
        0,
        0,
        0,
        0,
        0,
        0,
        0,
        0,
        0,
        0,
        0,
        0,
        0,
        0,
        0,
        0,
        0,
        0,
        0,
        0,
        0,
        0,
        0,
        0
      ],
      "/Users/davidstinnette/Turing/3module/1510/rails-engine/rails_engine/app/controllers/api/v1/merchants_finder_controller.rb": [
        0,
        0,
        0,
        0,
        0,
        0,
        0,
        0,
        0,
        0,
        0,
        0,
        0,
        0,
        0,
        0,
        0,
        0,
        0,
        0,
        0,
        0,
        0,
        0,
        0,
        0,
        0,
        0
      ],
      "/Users/davidstinnette/Turing/3module/1510/rails-engine/rails_engine/app/controllers/api/v1/transactions_finder_controller.rb": [
        0,
        0,
        0,
        0,
        0,
        0,
        0,
        0,
        0,
        0,
        0,
        0,
        0,
        0,
        0,
        0,
        0,
        0,
        0,
        0,
        0,
        0,
        0,
        0,
        0,
        0,
        0,
        0,
        0,
        0,
        0,
        0
      ]
    },
    "timestamp": 1456344232
  }
}
